===============OK Hermès, Grand Cortège a Moscou, 1992, Michel Duchêne
===============OK Hermès, Couvee d'Hermes, 1994, Caty Latham
===============OK Hermès, Levriers, 1957/1970/2002, Xavier de Poret
===============OK Hermès, Reveries japonaises, 1991, Caty Latham
===============OK Hermès, L'Hiver, 1969(1968?), Philippe Ledoux
===============OK Hermès, Cheval Turc, 2003, Christiane Vauzelles
===============OK Hermès, Casse-noisette, 1997, Antoine de Jacquelot
===============OK Hermès, Festival des amazones, 2013/2014, Henri d'Origny
===============OK Hermès, Insectes, 1958, La Torre, Hugo Grygkar
===============OK Hermès, Parures de Samouraïs, 2017, Aline Honore
===============OK Hermès, Tribord, 1968/1990, Julie Abadie
===============OK Hermès, Braselets de Lumiere, 2018, Annie Faivre
===============OK Hermès, Afrika, 1997, Robert Dallet
===============OK Hermès, Cuivreries, 1963, Françoise de La Perrière
===============OK Hermès, La mecanique des idees, 2004, Christine Henry
===============OK Hermès, Mare aux canards, 1981, Daphne Duchesne
===============OK Hermès, Rose de vents, 1984/2012, Joachim Metz
===============OK Hermès, Carpe Diem, 1994, Joachim Metz
===============OK Hermès, Jeu de Omnibus et DameBlanche, 1936, Hugo Grygkar
===============OK Hermès, Cavaliers peuls, 1993, Jean de Fougerolle
===============OK Hermès, Gibiers, 1966/1991/1997, Henri de Linarès
===============OK Hermès, Azuejos, 1992, Catherine Baschet
===============OK Hermès, Petits chevaux, 1974, Jacques Eudel
===============OK Hermès, Tuileries, 1996, Joachim Metz
===============OK Hermès, Cheval de caractaire, 2007, Dimitri Rybaltchenko
===============OK Hermès, Armes de chasse, 1970/1981, Philippe Ledoux
===============OK Hermès, Equitation japonaise, 1969, Françoise de La Perrière
===============OK Hermès, Le Carnaval de Venise, 1993/1997, Hubert de Watrigant
===============OK Hermès, Mors a la conetable, 1970/1985, Henri d'Origny
===============OK Hermès, Splendeur des maharadjas, 1996/2001, Catherine Baschet
===============OK Hermès, Cuivreries(Variant), 1963, Françoise de La Perrière
===============OK Hermès, Clefs, 1965/1980/2010, Caty Latham
===============OK Hermès, Grand tenue, 1985/1998, Henri d'Origny
===============OK Hermès, Farandole, 1977/1990/2006, Caty Latham
===============OK Hermès, Promenade de Longchamp, 1965/1970, Philippe Ledoux
===============OK Hermès, Wachington's carriage, 1979/1981, Caty Latham
===============OK Hermès, Avenue des Acacias, 1964, Philippe Ledoux
===============OK Hermès, Ex-libris, 1946/1998, Hugo Grygkar
===============OK Hermès, Monsieur et Madame, 2020, Bali Barret
===============OK Hermès, Muzerolles, 1986, Christiane Vauzelles
===============OK Hermès, Sulfures & presse-papiers, 1979, Caty Latham
===============OK Hermès, A Propos de Bottes, 2008, Xavier de Poret
===============OK Hermès, Brides de Gala, 1957/1967/2009, Hugo Grygkar
===============OK Hermès, Coqs, 1964, La Torre
===============OK Hermès, Hermes-sellier, 2009/2012, Benoît-Pierre Emery
===============OK Hermès, Reprise , 1970/1993, Philippe Ledoux
===============OK Hermès, Le saut H, 2016, Cyrille Diatkine
===============OK Hermès, Bride de cour, 1970/1987, Françoise de La Perrière
===============OK Hermès, Fafandole, , Caty Latham
===============OK Hermès, Magic Kelly, 2011, Dimitri Rybaltchenko
===============OK Hermès, Palefroi, 1965/1983, Françoise de La Perrière
===============OK Hermès, Tarot, 1991, Annie Faivre
===============OK Hermès, Bolduc au carre, 2007/2020, Caty Latham
===============OK Hermès, Bolduc, 1998, Jean-Louis Dumas
===============OK Hermès, Cuillers d'Afrique, 1997, Caty Latham
===============OK Hermès, Maillons, 1973, Caty Latham
===============OK Hermès, Ryton, 1978, Karin Swildens
===============OK Hermès, Sacre du printems, 1986, Henri d'Origny
===============OK Hermès, Hemisphaerium Coeli Boreale, 1938, Hugo Grygkar
===============OK Hermès, Cavalcadour, 1982/1992/2012, Henri d'Origny
===============OK Hermès, Flore, 1967, Philippe Ledoux
===============OK Hermès, Avenue des acasias, 1964, Philippe Ledoux
===============OK Hermès, Passementerie, 1960/1981, Marie-Françoise Heron
===============OK Hermès, Tropiques, 1987/1990, Laurence Bourthoumieux
===============OK Hermès, Casques et Plumets, 1989, Julie Abadie
===============OK Hermès, Armes de Paris, 1954/1992, Hugo Grygkar
===============OK Hermès, Eperon d'or, 1974/1989, Henri d'Origny
===============OK Hermès, L'art des steppes, 1991/1997/2000, Annie Faivre
===============OK Hermès, Marine et cavalerie, 1966/1984, Philippe Ledoux
===============OK Hermès, Selles a housse, 1968/1989, Christiane Vauzelles
===============OK Hermès, Le temps des marionnettes, 1996, Annie Faivre
===============OK Hermès, Les Folies Du Ciel, 1984/1990, Loïc Dubigeon
===============OK Hermès, Charreada, 1993, Jean de Fougerolle
===============OK Hermès, Grand manege, 1990/1993, Henri d'Origny
===============OK Hermès, Escuela Andaluza, 1996/2000, Hubert de Watrigant
===============OK Hermès, Plumes, 1953/1964, Henri de Linarès
===============OK Hermès, Vive le vent, 1992/1995, Laurence Bourthoumieux
===============OK Hermès, Astrologie nouvelle, 2012, Marie-Françoise Faconnet, Cyrille Diatkine
===============OK Hermès, Etriers, 1964/1990, Françoise de La Perrière
===============OK Hermès, Torana, 1987/1990/2000, Annie Faivre
===============OK Hermès, Mozart, 1991, Julie Abadie
===============OK Hermès, Springs, 1974/1981, Philippe Ledoux
===============OK Hermès, 1821 Hommage a L'Amite, 1993, Julie Abadie
===============OK Hermès, Les Voitures a Transformation, 1965/1980, Françoise de La Perrière
===============OK Hermès, Clic-clac, 1979/1997/2011, Julie Abadie
===============OK Hermès, Libre comme l'air, 2003, Annie Faivre
===============OK Hermès, Grande venerie royale, 1957, Charles-Jean Hallo
===============OK Hermès, Reale, 1953/1990, Hugo Grygkar
===============OK Hermès, Zabavushka, 2009, Evgenia Miro (Miroshnichenko)
===============OK Hermès, Brazil, 1988/1991, Laurence Bourthoumieux
===============OK Hermès, Etude pour une parure, 2017, Florence Manlik
===============OK Hermès, Marche Flottant du Lac Inle II, 1998/2001, Dimitri Rybaltchenko
===============OK Hermès, Napoleon, 1963/1985, Philippe Ledoux
===============OK Hermès, Tambours, 1989/1990, Joachim Metz
===============OK Hermès, Alliances du monde, 2005, Annie Faivre
===============OK Salvatore Ferrogamo, Tiger
===============OK Lanvin, Lanvin
===============OK Tiffany & Co.
===============OK Yves Saint-Laurent, YSL

1821 Hommage a L'Amite         Julie Abadie              1993            EL         
=======================
1821 Hommage a L'Amite         Julie Abadie              1993            EL          !!!!!!!! Julie Abadie
OK Hermès, 1821 Hommage a L'Amite, 1993, Julie Abadie
A Propos de Bottes             Xavier de Poret           2008            G          
=======================
A Propos de Bottes             Xavier de Poret           2008            G           !!!!!!!! Xavier de Poret
OK Hermès, A Propos de Bottes, 2008, Xavier de Poret
Afrika                         Robert Dallet             1997                       
=======================
Afrika                         Robert Dallet             1997                        !!!!!!!! Robert Dallet
OK Hermès, Afrika, 1997, Robert Dallet
Alliances du monde             Annie Faivre              2005                       
=======================
Alliances du monde             Annie Faivre              2005                        !!!!!!!! Annie Faivre
OK Hermès, Alliances du monde, 2005, Annie Faivre
Armes de Paris                 Hugo Grygkar              1954/1992       П Юры  
=======================
Armes de Paris                 Hugo Grygkar              1954/1992       П Юры   !!!!!!!! Hugo Grygkar
OK Hermès, Armes de Paris, 1954/1992, Hugo Grygkar
Armes de chasse                Philippe Ledoux           1970/1981                  
=======================
Armes de chasse                Philippe Ledoux           1970/1981                   !!!!!!!! Philippe Ledoux
OK Hermès, Armes de chasse, 1970/1981, Philippe Ledoux
Astrologie nouvelle            Marie-Françoise&Cyrille Faconnet&Diatkine 2012            ES         
=======================
Astrologie nouvelle            Marie-Françoise&Cyrille Faconnet&Diatkine 2012            ES          !!!!!!!! Marie-Françoise Faconnet

=======================
Astrologie nouvelle            Marie-Françoise&Cyrille Faconnet&Diatkine 2012            ES          !!!!!!!! Cyrille Diatkine
OK Hermès, Astrologie nouvelle, 2012, Marie-Françoise Faconnet, Cyrille Diatkine
Avenue des acacias             Philippe Ledoux           1964                       
=======================
Avenue des acacias             Philippe Ledoux           1964                        !!!!!!!! Philippe Ledoux
OK Hermès, Avenue des Acacias, 1964, Philippe Ledoux
Azuejos                        Catherine Baschet         1992                       
=======================
Azuejos                        Catherine Baschet         1992                        !!!!!!!! Catherine Baschet
OK Hermès, Azuejos, 1992, Catherine Baschet
Bolduc au carre                Caty Latham               2007/2020                  
=======================
Bolduc au carre                Caty Latham               2007/2020                   !!!!!!!! Caty Latham
OK Hermès, Bolduc au carre, 2007/2020, Caty Latham
Braselets de Lumiere           Annie Faivre              2018                       
=======================
Braselets de Lumiere           Annie Faivre              2018                        !!!!!!!! Annie Faivre
OK Hermès, Braselets de Lumiere, 2018, Annie Faivre
Brazil II                      Laurence Bourthoumieux    2015 (70)                  
=======================
Brazil II                      Laurence Bourthoumieux    2015 (70)                   !!!!!!!! Laurence Bourthoumieux
OK Hermès, Brazil, 1988/1991, Laurence Bourthoumieux
Brazil                         Laurence Bourthoumieux    1988/1991       2          
=======================
Brazil                         Laurence Bourthoumieux    1988/1991       2           !!!!!!!! Laurence Bourthoumieux
OK Hermès, Brazil, 2015 (70), Laurence Bourthoumieux
Bride de cour                  Françoise de La Perrière 1970/1987                  
=======================
Bride de cour                  Françoise de La Perrière 1970/1987                   !!!!!!!! Françoise de La Perrière
OK Hermès, Bride de cour, 1970/1987, Françoise de La Perrière
Brides de Gala                 Hugo Grygkar              1957/1967/2009             
=======================
Brides de Gala                 Hugo Grygkar              1957/1967/2009              !!!!!!!! Hugo Grygkar
OK Hermès, Brides de Gala, 1957/1967/2009, Hugo Grygkar
Carpe Diem                     Joachim Metz              1994                       
=======================
Carpe Diem                     Joachim Metz              1994                        !!!!!!!! Joachim Metz
OK Hermès, Carpe Diem, 1994, Joachim Metz
Casques et Plumets             Julie Abadie              1989                       
=======================
Casques et Plumets             Julie Abadie              1989                        !!!!!!!! Julie Abadie
OK Hermès, Casques et Plumets, 1989, Julie Abadie
Casse-noisette                 Antoine de Jacquelot      1997                       
=======================
Casse-noisette                 Antoine de Jacquelot      1997                        !!!!!!!! Antoine de Jacquelot
OK Hermès, Casse-noisette, 1997, Antoine de Jacquelot
Cavalcadour                    Henri d'Origny            1982/1992/2012  2          
=======================
Cavalcadour                    Henri d'Origny            1982/1992/2012  2           !!!!!!!! Henri d'Origny
OK Hermès, Cavalcadour, 1982/1992/2012, Henri d'Origny
Cavalcadour                    Henri d'Origny            1982/1992/2012  М-Twilly  
=======================
Cavalcadour                    Henri d'Origny            1982/1992/2012  М-Twilly   !!!!!!!! Henri d'Origny
OK Hermès, Cavalcadour, 1982/1992/2012, Henri d'Origny
Cavaliers peuls                Jean Fougerolles          1993                       
=======================
Cavaliers peuls                Jean Fougerolles          1993                        !!!!!!!! Jean Fougerolles
OK Hermès, Cavaliers peuls, 1993, Jean de Fougerolle
Charreada                      Jean Fougerolles          1993                       
=======================
Charreada                      Jean Fougerolles          1993                        !!!!!!!! Jean Fougerolles
OK Hermès, Charreada, 1993, Jean de Fougerolle
Cheval Turc                    Christiane Vauzelles      2003            П М+A    
=======================
Cheval Turc                    Christiane Vauzelles      2003            П М+A     !!!!!!!! Christiane Vauzelles
OK Hermès, Cheval Turc, 2003, Christiane Vauzelles
Cheval de caractaire           Dimitri Rybaltchenko      2007                       
=======================
Cheval de caractaire           Dimitri Rybaltchenko      2007                        !!!!!!!! Dimitri Rybaltchenko
OK Hermès, Cheval de caractaire, 2007, Dimitri Rybaltchenko
Chiens et Valets               Charles-Jean Hallo        1965                       
=======================
Chiens et Valets               Charles-Jean Hallo        1965                        !!!!!!!! Charles-Jean Hallo
selector: template=h_artwork, title=Chiens et Valets
PAGE CREATED selector:template=h_artwork, title=Chiens et Valets
