===============OK Herm&egrave;s, Grand Cortège a Moscou, 1992, Michel Duch&ecirc;ne
===============OK Herm&egrave;s, Couvee d'Hermes, 1994, Caty Latham
===============OK Herm&egrave;s, Levriers, 1957/1970/2002, Xavier de Poret
===============OK Herm&egrave;s, Reveries japonaises, 1991, Caty Latham
===============OK Herm&egrave;s, L'Hiver, 1969(1968?), Philippe Ledoux
===============OK Herm&egrave;s, Cheval Turc, 2003, Christiane Vauzelles
===============OK Herm&egrave;s, Casse-noisette, 1997, Antoine de Jacquelot
===============OK Herm&egrave;s, Festival des amazones, 2013/2014, Henri d&#039;Origny
===============OK Herm&egrave;s, Insectes, 1958, La Torre, Hugo Grygkar
===============OK Herm&egrave;s, Parures de Samouraïs, 2017, Aline Honore
===============OK Herm&egrave;s, Tribord, 1968/1990, Julie Abadie
===============OK Herm&egrave;s, Braselets de Lumiere, 2018, Annie Faivre
===============OK Herm&egrave;s, Afrika, 1997, Robert Dallet
===============OK Herm&egrave;s, Cuivreries, 1963, Fran&ccedil;oise de La Perri&egrave;re
===============OK Herm&egrave;s, La mecanique des idees, 2004, Christine Henry
===============OK Herm&egrave;s, Mare aux canards, 1981, Daphne Duchesne
===============OK Herm&egrave;s, Rose de vents, 1984/2012, Joachim Metz
===============OK Herm&egrave;s, Carpe Diem, 1994, Joachim Metz
===============OK Herm&egrave;s, Jeu de Omnibus et DameBlanche, 1936, Hugo Grygkar
===============OK Herm&egrave;s, Cavaliers peuls, 1993, Jean de Fougerolle
===============OK Herm&egrave;s, Gibiers, 1966/1991/1997, Henri de Linar&egrave;s
===============OK Herm&egrave;s, Azuejos, 1992, Catherine Baschet
===============OK Herm&egrave;s, Petits chevaux, 1974, Jacques Eudel
===============OK Herm&egrave;s, Tuileries, 1996, Joachim Metz
===============OK Herm&egrave;s, Cheval de caractaire, 2007, Dimitri Rybaltchenko
===============OK Herm&egrave;s, Armes de chasse, 1970/1981, Philippe Ledoux
===============OK Herm&egrave;s, Equitation japonaise, 1969, Fran&ccedil;oise de La Perri&egrave;re
===============OK Herm&egrave;s, Le Carnaval de Venise, 1993/1997, Hubert de Watrigant
===============OK Herm&egrave;s, Mors a la conetable, 1970/1985, Henri d&#039;Origny
===============OK Herm&egrave;s, Splendeur des maharadjas, 1996/2001, Catherine Baschet
===============OK Herm&egrave;s, Cuivreries(Variant), 1963, Fran&ccedil;oise de La Perri&egrave;re
===============OK Herm&egrave;s, Clefs, 1965/1980/2010, Caty Latham
===============OK Herm&egrave;s, Grand tenue, 1985/1998, Henri d&#039;Origny
===============OK Herm&egrave;s, Farandole, 1977/1990/2006, Caty Latham
===============OK Herm&egrave;s, Promenade de Longchamp, 1965/1970, Philippe Ledoux
===============OK Herm&egrave;s, Wachington's carriage, 1979/1981, Caty Latham
===============OK Herm&egrave;s, Chorus stellarium, 2024
===============OK Herm&egrave;s, Avenue des Acacias, 1964, Philippe Ledoux
===============OK Herm&egrave;s, Ex-libris, 1946/1998, Hugo Grygkar
===============OK Herm&egrave;s, Monsieur et Madame, 2020, Bali Barret
===============OK Herm&egrave;s, Muzerolles, 1986, Christiane Vauzelles
===============OK Herm&egrave;s, Sulfures & presse-papiers, 1979, Caty Latham
===============OK Herm&egrave;s, A Propos de Bottes, 2008, Xavier de Poret
===============OK Herm&egrave;s, Brides de Gala, 1957/1967/2009, Hugo Grygkar
===============OK Herm&egrave;s, Coqs, 1964, La Torre
===============OK Herm&egrave;s, Hermes-sellier, 2009/2012, Beno&icirc;t-Pierre Emery
===============OK Herm&egrave;s, Reprise , 1970/1993, Philippe Ledoux
===============OK Herm&egrave;s, Le saut H, 2016, Cyrille Diatkine
===============OK Herm&egrave;s, Bride de cour, 1970/1987, Fran&ccedil;oise de La Perri&egrave;re
===============OK Herm&egrave;s, Fafandole, , Caty Latham
===============OK Herm&egrave;s, Magic Kelly, 2011, Dimitri Rybaltchenko
===============OK Herm&egrave;s, Palefroi, 1965/1983, Fran&ccedil;oise de La Perri&egrave;re
===============OK Herm&egrave;s, Tarot, 1991, Annie Faivre
===============OK Herm&egrave;s, Bolduc au carre, 2007/2020, Caty Latham
===============OK Herm&egrave;s, Bolduc, 1998, Jean-Louis Dumas
===============OK Herm&egrave;s, Cuillers d'Afrique, 1997, Caty Latham
===============OK Herm&egrave;s, Maillons, 1973, Caty Latham
===============OK Herm&egrave;s, Ryton, 1978, Karin Swildens
===============OK Herm&egrave;s, Sacre du printems, 1986, Henri d&#039;Origny
===============OK Herm&egrave;s, Hemisphaerium Coeli Boreale, 1938, Hugo Grygkar
===============OK Herm&egrave;s, Cavalcadour, 1982/1992/2012, Henri d&#039;Origny
===============OK Herm&egrave;s, Flore, 1967, Philippe Ledoux
===============OK Herm&egrave;s, Avenue des acasias, 1964, Philippe Ledoux
===============OK Herm&egrave;s, Passementerie, 1960/1981, Marie-Fran&ccedil;oise Heron
===============OK Herm&egrave;s, Tropiques, 1987/1990, Laurence Bourthoumieux
===============OK Herm&egrave;s, Casques et Plumets, 1989, Julie Abadie
===============OK Herm&egrave;s, Armes de Paris, 1954/1992, Hugo Grygkar
===============OK Herm&egrave;s, Eperon d'or, 1974/1989, Henri d&#039;Origny
===============OK Herm&egrave;s, L'art des steppes, 1991/1997/2000, Annie Faivre
===============OK Herm&egrave;s, Marine et cavalerie, 1966/1984, Philippe Ledoux
===============OK Herm&egrave;s, Selles a housse, 1968/1989, Christiane Vauzelles
===============OK Herm&egrave;s, Le temps des marionnettes, 1996, Annie Faivre
===============OK Herm&egrave;s, Les Folies Du Ciel, 1984/1990, Lo&iuml;c Dubigeon
===============OK Herm&egrave;s, Charreada, 1993, Jean de Fougerolle
===============OK Herm&egrave;s, Grand manege, 1990/1993, Henri d&#039;Origny
===============OK Herm&egrave;s, Escuela Andaluza, 1996/2000, Hubert de Watrigant
===============OK Herm&egrave;s, Plumes, 1953/1964, Henri de Linar&egrave;s
===============OK Herm&egrave;s, Vive le vent, 1992/1995, Laurence Bourthoumieux
===============OK Herm&egrave;s, Chiens et Valets, 1965, Charles-Jean Hallo
===============OK Herm&egrave;s, Astrologie nouvelle, 2012, Marie-Fran&ccedil;oise Faconnet, Cyrille Diatkine
===============OK Herm&egrave;s, Etriers, 1964/1990, Fran&ccedil;oise de La Perri&egrave;re
===============OK Herm&egrave;s, Torana, 1987/1990/2000, Annie Faivre
===============OK Herm&egrave;s, Mozart, 1991, Julie Abadie
===============OK Herm&egrave;s, Springs, 1974/1981, Philippe Ledoux
===============OK Herm&egrave;s, 1821 Hommage a L'Amite, 1993, Julie Abadie
===============OK Herm&egrave;s, Les Voitures a Transformation, 1965/1980, Fran&ccedil;oise de La Perri&egrave;re
===============OK Herm&egrave;s, Clic-clac, 1979/1997/2011, Julie Abadie
===============OK Herm&egrave;s, Libre comme l'air, 2003, Annie Faivre
===============OK Herm&egrave;s, Grande venerie royale, 1957, Charles-Jean Hallo
===============OK Herm&egrave;s, Reale, 1953/1990, Hugo Grygkar
===============OK Herm&egrave;s, Zabavushka, 2009, Evgenia Miro (Miroshnichenko)
===============OK Herm&egrave;s, Brazil, 1988/1991, Laurence Bourthoumieux
===============OK Herm&egrave;s, Etude pour une parure, 2017, Florence Manlik
===============OK Herm&egrave;s, Marche Flottant du Lac Inle II, 1998/2001, Dimitri Rybaltchenko
===============OK Herm&egrave;s, Napoleon, 1963/1985, Philippe Ledoux
===============OK Herm&egrave;s, Tambours, 1989/1990, Joachim Metz
===============OK Herm&egrave;s, Alliances du monde, 2005, Annie Faivre
===============OK Salvatore Ferrogamo, Tiger
===============OK Lanvin, Lanvin
===============OK Tiffany &amp; Co.
===============OK Yves Saint-Laurent, YSL

1821 Hommage a L'Amite         Julie Abadie              1993            EL         
=======================
1821 Hommage a L'Amite         Julie Abadie              1993            EL          !!!!!!!! Julie Abadie
OK Herm&egrave;s, 1821 Hommage a L'Amite, 1993, Julie Abadie
[31msetKeyValue()(B[m
>>>  OK 1821-hommage-a-lamite.h_aw_person             313-julia-abadie                                                                                  
>>>  OK 1821-hommage-a-lamite.h_aw_brand              185-herms                                                                                         
>>>  OK 1821-hommage-a-lamite.h_aw_year               1993                                                                                              
A Propos de Bottes             Xavier de Poret           2008            G          
=======================
A Propos de Bottes             Xavier de Poret           2008            G           !!!!!!!! Xavier de Poret
OK Herm&egrave;s, A Propos de Bottes, 2008, Xavier de Poret
>>>  OK a-propos-de-bottes.h_aw_person                318-xavier-de-poret                                                                               
>>>  OK a-propos-de-bottes.h_aw_brand                 185-herms                                                                                         
>>>  OK a-propos-de-bottes.h_aw_year                  2008                                                                                              
Afrika                         Robert Dallet             1997                       
=======================
Afrika                         Robert Dallet             1997                        !!!!!!!! Robert Dallet
OK Herm&egrave;s, Afrika, 1997, Robert Dallet
>>>  OK afrika.h_aw_person                            robert-dallet                                                                                     
>>>  OK afrika.h_aw_brand                             185-herms                                                                                         
>>>  OK afrika.h_aw_year                              1997                                                                                              
Alliances du monde             Annie Faivre              2005                       
=======================
Alliances du monde             Annie Faivre              2005                        !!!!!!!! Annie Faivre
OK Herm&egrave;s, Alliances du monde, 2005, Annie Faivre
>>>  OK alliances-du-monde.h_aw_person                329-annie-faivre                                                                                  
>>>  OK alliances-du-monde.h_aw_brand                 185-herms                                                                                         
>>>  OK alliances-du-monde.h_aw_year                  2005                                                                                              
Armes de Paris                 Hugo Grygkar              1954/1992       П Юры  
=======================
Armes de Paris                 Hugo Grygkar              1954/1992       П Юры   !!!!!!!! Hugo Grygkar
OK Herm&egrave;s, Armes de Paris, 1954/1992, Hugo Grygkar
>>>  OK armes-de-paris.h_aw_person                    199-hugo-grygkar                                                                                  
>>>  OK armes-de-paris.h_aw_brand                     185-herms                                                                                         
>>>  OK armes-de-paris.h_aw_year                      1954/1992                                                                                         
Armes de chasse                Philippe Ledoux           1970/1981                  
=======================
Armes de chasse                Philippe Ledoux           1970/1981                   !!!!!!!! Philippe Ledoux
OK Herm&egrave;s, Armes de chasse, 1970/1981, Philippe Ledoux
>>>  OK armes-de-chasse.h_aw_person                   224-philippe-ledoux                                                                               
>>>  OK armes-de-chasse.h_aw_brand                    185-herms                                                                                         
>>>  OK armes-de-chasse.h_aw_year                     1970/1981                                                                                         
Astrologie nouvelle            Marie-Françoise&Cyrille Faconnet&Diatkine 2012            ES         
=======================
Astrologie nouvelle            Marie-Françoise&Cyrille Faconnet&Diatkine 2012            ES          !!!!!!!! Marie-Françoise Faconnet

=======================
Astrologie nouvelle            Marie-Françoise&Cyrille Faconnet&Diatkine 2012            ES          !!!!!!!! Cyrille Diatkine
OK Herm&egrave;s, Astrologie nouvelle, 2012, Marie-Fran&ccedil;oise Faconnet, Cyrille Diatkine
>>>  OK astrologie-nouvelle.h_aw_person               marie-francoise-faconnet                                                                          
>>>  OK astrologie-nouvelle.h_aw_person               309-cyrille-diatkine                                                                              
>>>  OK astrologie-nouvelle.h_aw_brand                185-herms                                                                                         
>>>  OK astrologie-nouvelle.h_aw_year                 2012                                                                                              
Avenue des acacias             Philippe Ledoux           1964                       
=======================
Avenue des acacias             Philippe Ledoux           1964                        !!!!!!!! Philippe Ledoux
OK Herm&egrave;s, Avenue des Acacias, 1964, Philippe Ledoux
>>>  OK avenue-des-acacias.h_aw_person                224-philippe-ledoux                                                                               
>>>  OK avenue-des-acacias.h_aw_brand                 185-herms                                                                                         
>>>  OK avenue-des-acacias.h_aw_year                  1964                                                                                              
Azuejos                        Catherine Baschet         1992                       
=======================
Azuejos                        Catherine Baschet         1992                        !!!!!!!! Catherine Baschet
OK Herm&egrave;s, Azuejos, 1992, Catherine Baschet
>>>  OK azuejos.h_aw_person                           322-catherine-baschet                                                                             
>>>  OK azuejos.h_aw_brand                            185-herms                                                                                         
>>>  OK azuejos.h_aw_year                             1992                                                                                              
Bolduc au carre                Caty Latham               2007/2020                  
=======================
Bolduc au carre                Caty Latham               2007/2020                   !!!!!!!! Caty Latham
OK Herm&egrave;s, Bolduc au carre, 2007/2020, Caty Latham
>>>  OK bolduc-au-carre.h_aw_person                   168-cathy-latham-audibert                                                                         
>>>  OK bolduc-au-carre.h_aw_brand                    185-herms                                                                                         
>>>  OK bolduc-au-carre.h_aw_year                     2007/2020                                                                                         
Braselets de Lumiere           Annie Faivre              2018                       
=======================
Braselets de Lumiere           Annie Faivre              2018                        !!!!!!!! Annie Faivre
OK Herm&egrave;s, Braselets de Lumiere, 2018, Annie Faivre
>>>  OK braselets-de-lumiere.h_aw_person              329-annie-faivre                                                                                  
>>>  OK braselets-de-lumiere.h_aw_brand               185-herms                                                                                         
>>>  OK braselets-de-lumiere.h_aw_year                2018                                                                                              
Brazil II                      Laurence Bourthoumieux    2015 (70)                  
=======================
Brazil II                      Laurence Bourthoumieux    2015 (70)                   !!!!!!!! Laurence Bourthoumieux
OK Herm&egrave;s, Brazil, 1988/1991, Laurence Bourthoumieux
>>>  OK brazil.h_aw_person                            323-laurence-bourthoumieux                                                                        
>>>  OK brazil.h_aw_brand                             185-herms                                                                                         
>> Load brazil.h_aw_year                              1988/1991 -> 2015 (70)                                                                                         
Brazil                         Laurence Bourthoumieux    1988/1991       2          
=======================
Brazil                         Laurence Bourthoumieux    1988/1991       2           !!!!!!!! Laurence Bourthoumieux
OK Herm&egrave;s, Brazil, 2015 (70), Laurence Bourthoumieux
>>>  OK brazil.h_aw_person                            323-laurence-bourthoumieux                                                                        
>>>  OK brazil.h_aw_brand                             185-herms                                                                                         
>> Load brazil.h_aw_year                              2015 (70) -> 1988/1991                                                                                         
Bride de cour                  Françoise de La Perrière 1970/1987                  
=======================
Bride de cour                  Françoise de La Perrière 1970/1987                   !!!!!!!! Françoise de La Perrière
OK Herm&egrave;s, Bride de cour, 1970/1987, Fran&ccedil;oise de La Perri&egrave;re
>>>  OK bride-de-cour.h_aw_person                     282-franoise-de-la-perrire                                                                        
>>>  OK bride-de-cour.h_aw_brand                      185-herms                                                                                         
>>>  OK bride-de-cour.h_aw_year                       1970/1987                                                                                         
Brides de Gala                 Hugo Grygkar              1957/1967/2009             
=======================
Brides de Gala                 Hugo Grygkar              1957/1967/2009              !!!!!!!! Hugo Grygkar
OK Herm&egrave;s, Brides de Gala, 1957/1967/2009, Hugo Grygkar
>>>  OK 284-brides-de-gala.h_aw_person                199-hugo-grygkar                                                                                  
>>>  OK 284-brides-de-gala.h_aw_brand                 185-herms                                                                                         
>>>  OK 284-brides-de-gala.h_aw_year                  1957/1967/2009                                                                                    
Carpe Diem                     Joachim Metz              1994                       
=======================
Carpe Diem                     Joachim Metz              1994                        !!!!!!!! Joachim Metz
OK Herm&egrave;s, Carpe Diem, 1994, Joachim Metz
>>>  OK carpe-diem.h_aw_person                        316-joachim-metz                                                                                  
>>>  OK carpe-diem.h_aw_brand                         185-herms                                                                                         
>>>  OK carpe-diem.h_aw_year                          1994                                                                                              
Casques et Plumets             Julie Abadie              1989                       
=======================
Casques et Plumets             Julie Abadie              1989                        !!!!!!!! Julie Abadie
OK Herm&egrave;s, Casques et Plumets, 1989, Julie Abadie
>>>  OK casques-et-plumets.h_aw_person                313-julia-abadie                                                                                  
>>>  OK casques-et-plumets.h_aw_brand                 185-herms                                                                                         
>>>  OK casques-et-plumets.h_aw_year                  1989                                                                                              
Casse-noisette                 Antoine de Jacquelot      1997                       
=======================
Casse-noisette                 Antoine de Jacquelot      1997                        !!!!!!!! Antoine de Jacquelot
OK Herm&egrave;s, Casse-noisette, 1997, Antoine de Jacquelot
>>>  OK casse-noisette.h_aw_person                    324-antoine-de-jacquelot                                                                          
>>>  OK casse-noisette.h_aw_brand                     185-herms                                                                                         
>>>  OK casse-noisette.h_aw_year                      1997                                                                                              
Cavalcadour                    Henri d'Origny            1982/1992/2012  2          
=======================
Cavalcadour                    Henri d'Origny            1982/1992/2012  2           !!!!!!!! Henri d'Origny
OK Herm&egrave;s, Cavalcadour, 1982/1992/2012, Henri d&#039;Origny
>>>  OK cavalcadur.h_aw_person                        314-henri-dorigny                                                                                 
>>>  OK cavalcadur.h_aw_brand                         185-herms                                                                                         
>>>  OK cavalcadur.h_aw_year                          1982/1992/2012                                                                                    
Cavalcadour                    Henri d'Origny            1982/1992/2012  М-Twilly  
=======================
Cavalcadour                    Henri d'Origny            1982/1992/2012  М-Twilly   !!!!!!!! Henri d'Origny
OK Herm&egrave;s, Cavalcadour, 1982/1992/2012, Henri d&#039;Origny
>>>  OK cavalcadur.h_aw_person                        314-henri-dorigny                                                                                 
>>>  OK cavalcadur.h_aw_brand                         185-herms                                                                                         
>>>  OK cavalcadur.h_aw_year                          1982/1992/2012                                                                                    
Cavaliers peuls                Jean Fougerolles          1993                       
=======================
Cavaliers peuls                Jean Fougerolles          1993                        !!!!!!!! Jean Fougerolles
OK Herm&egrave;s, Cavaliers peuls, 1993, Jean de Fougerolle
[1m[32m>> Hook cavaliers-peuls.h_aw_person                   Object LanguagesPageFieldValue                                                                    (B[m
>>>  OK cavaliers-peuls.h_aw_brand                    185-herms                                                                                         
>>>  OK cavaliers-peuls.h_aw_year                     1993                                                                                              
Charreada                      Jean Fougerolles          1993                       
=======================
Charreada                      Jean Fougerolles          1993                        !!!!!!!! Jean Fougerolles
OK Herm&egrave;s, Charreada, 1993, Jean de Fougerolle
[1m[32m>> Hook charreada.h_aw_person                         Object LanguagesPageFieldValue                                                                    (B[m
>>>  OK charreada.h_aw_brand                          185-herms                                                                                         
>>>  OK charreada.h_aw_year                           1993                                                                                              
Cheval Turc                    Christiane Vauzelles      2003            П М+A    
=======================
Cheval Turc                    Christiane Vauzelles      2003            П М+A     !!!!!!!! Christiane Vauzelles
OK Herm&egrave;s, Cheval Turc, 2003, Christiane Vauzelles
>>>  OK 169-cheval-turc.h_aw_person                   167-christiane-vauzelles                                                                          
>>>  OK 169-cheval-turc.h_aw_brand                    185-herms                                                                                         
>>>  OK 169-cheval-turc.h_aw_year                     2003                                                                                              
Cheval de caractaire           Dimitri Rybaltchenko      2007                       
=======================
Cheval de caractaire           Dimitri Rybaltchenko      2007                        !!!!!!!! Dimitri Rybaltchenko
OK Herm&egrave;s, Cheval de caractaire, 2007, Dimitri Rybaltchenko
>>>  OK cheval-de-caractaire.h_aw_person              186-dimitri-rybaltchenko                                                                          
>>>  OK cheval-de-caractaire.h_aw_brand               185-herms                                                                                         
>>>  OK cheval-de-caractaire.h_aw_year                2007                                                                                              
Chiens et Valets               Charles-Jean Hallo        1965                       
=======================
Chiens et Valets               Charles-Jean Hallo        1965                        !!!!!!!! Charles-Jean Hallo
OK Herm&egrave;s, Chiens et Valets, 1965, Charles-Jean Hallo
>>>  OK chiens-et-valets.h_aw_person                  charles-jean-hallo                                                                                
>>>  OK chiens-et-valets.h_aw_brand                   185-herms                                                                                         
>>>  OK chiens-et-valets.h_aw_year                    1965                                                                                              
Chorus stellarium              Daiske Nomura             2024            B          
=======================
Chorus stellarium              Daiske Nomura             2024            B           !!!!!!!! Daiske Nomura
OK Herm&egrave;s, Chorus stellarium, 2024
[1m[32m>> Hook chorus-stellarium.h_aw_person                 Object LanguagesPageFieldValue                                                                    (B[m
>>>  OK chorus-stellarium.h_aw_brand                  185-herms                                                                                         
>>>  OK chorus-stellarium.h_aw_year                   2024                                                                                              
Circuit FSH 24                 Benoit-Pierre Emery       2018            П Мини 
=======================
Circuit FSH 24                 Benoit-Pierre Emery       2018            П Мини  !!!!!!!! Benoît-Pierre Emery
selector: template=h_artwork, title=Circuit FSH 24
>> Load circuit-fsh-24.title                          Circuit FSH 24                                                                                    
PAGE CREATED selector:template=h_artwork, title=Circuit FSH 24
[1m[32m>> Hook circuit-fsh-24.h_aw_person                    Object LanguagesPageFieldValue                                                                    (B[m
[1m[32m>> Hook circuit-fsh-24.h_aw_brand                     Object LanguagesPageFieldValue                                                                    (B[m
>> Load circuit-fsh-24.h_aw_year                      2018                                                                                              
